<?xml version="1.0" encoding="UTF-8"?>
<!-- Generated by org.testng.reporters.JUnitXMLReporter -->
<testsuite ignored="0" hostname="LBR-PE08090F" failures="0" tests="2" name="chrome test" time="33.927" errors="0" timestamp="2023-03-10T13:01:06 BRT">
  <testcase classname="S5TestNGFrameworkForSelenium.E38ParallelTestingInvocationCount.ParamTest" name="testLogo" time="0.044"/>
  <testcase classname="S5TestNGFrameworkForSelenium.E38ParallelTestingInvocationCount.ParamTest" name="testHomePageTitle" time="0.008"/>
</testsuite> <!-- chrome test -->
