<?xml version="1.0" encoding="UTF-8"?>
<!-- Generated by org.testng.reporters.JUnitXMLReporter -->
<testsuite ignored="0" hostname="LBR-PE08090F" failures="0" tests="2" name="edge test" time="38.218" errors="0" timestamp="2023-03-10T13:01:10 BRT">
  <testcase classname="S5TestNGFrameworkForSelenium.E38ParallelTestingInvocationCount.ParamTest" name="testLogo" time="0.016"/>
  <testcase classname="S5TestNGFrameworkForSelenium.E38ParallelTestingInvocationCount.ParamTest" name="testHomePageTitle" time="0.015"/>
</testsuite> <!-- edge test -->
