<?xml version="1.0" encoding="UTF-8"?>
<!-- Generated by org.testng.reporters.JUnitXMLReporter -->
<testsuite ignored="0" hostname="LBR-PE08090F" failures="0" tests="10" name="learn-selenium-with-java-live-project" time="0.104" errors="0" timestamp="2023-03-10T12:28:49 BRT">
  <testcase classname="S5TestNGFrameworkForSelenium.E38ParallelTestingInvocationCount.InvocationCountDemo" name="test" time="0.01"/>
  <testcase classname="S5TestNGFrameworkForSelenium.E38ParallelTestingInvocationCount.InvocationCountDemo" name="test" time="0.001"/>
  <testcase classname="S5TestNGFrameworkForSelenium.E38ParallelTestingInvocationCount.InvocationCountDemo" name="test" time="0.0"/>
  <testcase classname="S5TestNGFrameworkForSelenium.E38ParallelTestingInvocationCount.InvocationCountDemo" name="test" time="0.001"/>
  <testcase classname="S5TestNGFrameworkForSelenium.E38ParallelTestingInvocationCount.InvocationCountDemo" name="test" time="0.0"/>
  <testcase classname="S5TestNGFrameworkForSelenium.E38ParallelTestingInvocationCount.InvocationCountDemo" name="test" time="0.001"/>
  <testcase classname="S5TestNGFrameworkForSelenium.E38ParallelTestingInvocationCount.InvocationCountDemo" name="test" time="0.0"/>
  <testcase classname="S5TestNGFrameworkForSelenium.E38ParallelTestingInvocationCount.InvocationCountDemo" name="test" time="0.001"/>
  <testcase classname="S5TestNGFrameworkForSelenium.E38ParallelTestingInvocationCount.InvocationCountDemo" name="test" time="0.0"/>
  <testcase classname="S5TestNGFrameworkForSelenium.E38ParallelTestingInvocationCount.InvocationCountDemo" name="test" time="0.0"/>
</testsuite> <!-- learn-selenium-with-java-live-project -->
