<?xml version="1.0" encoding="UTF-8"?>
<!-- Generated by org.testng.reporters.JUnitXMLReporter -->
<testsuite ignored="0" hostname="LBR-PE08090F" failures="0" tests="6" name="Test" time="33.037" errors="0" timestamp="2023-03-09T10:18:50 BRT">
  <testcase classname="S5TestNGFrameworkForSelenium.E35IntroductionTestNGAnnotationsInTestNG.SecondTest" name="openApp" time="31.794"/>
  <testcase classname="S5TestNGFrameworkForSelenium.E35IntroductionTestNGAnnotationsInTestNG.SecondTest" name="login" time="0.899"/>
  <testcase classname="S5TestNGFrameworkForSelenium.E35IntroductionTestNGAnnotationsInTestNG.SecondTest" name="closeApp" time="0.249"/>
  <testcase classname="S5TestNGFrameworkForSelenium.E35IntroductionTestNGAnnotationsInTestNG.ThirdTestCase" name="test1" time="0.001"/>
  <testcase classname="S5TestNGFrameworkForSelenium.E35IntroductionTestNGAnnotationsInTestNG.ThirdTestCase" name="test2" time="0.0"/>
  <testcase classname="S5TestNGFrameworkForSelenium.E35IntroductionTestNGAnnotationsInTestNG.ThirdTestCase" name="test3" time="0.001"/>
</testsuite> <!-- Test -->
