<?xml version="1.0" encoding="UTF-8"?>
<!-- Generated by org.testng.reporters.JUnitXMLReporter -->
<testsuite ignored="0" hostname="LBR-PE08090F" failures="0" tests="3" name="Test" time="38.901" errors="0" timestamp="2023-03-11T08:45:15 BRT">
  <testcase classname="S5TestNGFrameworkForSelenium.E39TestNGListenersExtentReports.NopCommerceTests" name="testLogo" time="0.052"/>
  <testcase classname="S5TestNGFrameworkForSelenium.E39TestNGListenersExtentReports.NopCommerceTests" name="testLogin" time="8.41"/>
  <testcase classname="S5TestNGFrameworkForSelenium.E39TestNGListenersExtentReports.NopCommerceTests" name="testLogout" time="3.69"/>
</testsuite> <!-- Test -->
