<?xml version="1.0" encoding="UTF-8"?>
<testng-results ignored="0" total="3" passed="3" failed="0" skipped="0">
  <reporter-output>
  </reporter-output>
  <suite started-at="2023-03-11T08:44:36 BRT" name="Suite" finished-at="2023-03-11T08:45:15 BRT" duration-ms="38901">
    <groups>
    </groups>
    <test started-at="2023-03-11T08:44:36 BRT" name="Test" finished-at="2023-03-11T08:45:15 BRT" duration-ms="38901">
      <class name="S5TestNGFrameworkForSelenium.E39TestNGListenersExtentReports.NopCommerceTests">
        <test-method is-config="true" signature="setup()[pri:0, instance:S5TestNGFrameworkForSelenium.E39TestNGListenersExtentReports.NopCommerceTests@56de5251]" started-at="2023-03-11T08:44:37 BRT" name="setup" finished-at="2023-03-11T08:45:03 BRT" duration-ms="26164" status="PASS">
          <reporter-output>
          </reporter-output>
        </test-method> <!-- setup -->
        <test-method signature="testLogo()[pri:1, instance:S5TestNGFrameworkForSelenium.E39TestNGListenersExtentReports.NopCommerceTests@56de5251]" started-at="2023-03-11T08:45:03 BRT" name="testLogo" finished-at="2023-03-11T08:45:03 BRT" duration-ms="52" status="PASS">
          <reporter-output>
          </reporter-output>
        </test-method> <!-- testLogo -->
        <test-method signature="testLogin()[pri:2, instance:S5TestNGFrameworkForSelenium.E39TestNGListenersExtentReports.NopCommerceTests@56de5251]" started-at="2023-03-11T08:45:03 BRT" name="testLogin" finished-at="2023-03-11T08:45:11 BRT" duration-ms="8410" status="PASS">
          <reporter-output>
          </reporter-output>
        </test-method> <!-- testLogin -->
        <test-method signature="testLogout()[pri:3, instance:S5TestNGFrameworkForSelenium.E39TestNGListenersExtentReports.NopCommerceTests@56de5251]" started-at="2023-03-11T08:45:11 BRT" name="testLogout" finished-at="2023-03-11T08:45:15 BRT" depends-on-methods="S5TestNGFrameworkForSelenium.E39TestNGListenersExtentReports.NopCommerceTests.testLogin" duration-ms="3690" status="PASS">
          <reporter-output>
          </reporter-output>
        </test-method> <!-- testLogout -->
        <test-method is-config="true" signature="tearDown()[pri:0, instance:S5TestNGFrameworkForSelenium.E39TestNGListenersExtentReports.NopCommerceTests@56de5251]" started-at="2023-03-11T08:45:15 BRT" name="tearDown" finished-at="2023-03-11T08:45:15 BRT" duration-ms="261" status="PASS">
          <reporter-output>
          </reporter-output>
        </test-method> <!-- tearDown -->
      </class> <!-- S5TestNGFrameworkForSelenium.E39TestNGListenersExtentReports.NopCommerceTests -->
    </test> <!-- Test -->
  </suite> <!-- Suite -->
</testng-results>
